\BOOKMARK [1][-]{section.1}{Introduction}{}% 1
\BOOKMARK [1][-]{section.2}{Installing LaTeX}{}% 2
\BOOKMARK [1][-]{section.3}{Introduction to LaTeX}{}% 3
\BOOKMARK [2][-]{subsection.3.1}{Entering text}{section.3}% 4
\BOOKMARK [1][-]{section.1}{Section Title}{}% 5
\BOOKMARK [2][-]{subsection.1.1}{Subsection title}{section.1}% 6
\BOOKMARK [2][-]{subsection.3.2}{Mathematical expressions}{section.1}% 7
\BOOKMARK [1][-]{section.4}{Useful LaTeX Packages}{}% 8
\BOOKMARK [2][-]{subsection.4.1}{Installing packages}{section.4}% 9
\BOOKMARK [3][-]{subsubsection.4.1.1}{Installing Non-Standard Packages}{subsection.4.1}% 10
\BOOKMARK [2][-]{subsection.4.2}{Changing line spacing: setspace}{section.4}% 11
\BOOKMARK [2][-]{subsection.4.3}{Including figures: graphicx}{section.4}% 12
\BOOKMARK [2][-]{subsection.4.4}{Mathematical typesetting: amsmath}{section.4}% 13
\BOOKMARK [3][-]{subsubsection.4.4.1}{\134eqref}{subsection.4.4}% 14
\BOOKMARK [3][-]{subsubsection.4.4.2}{\134begin\173align\175 \203\134end\173align\175}{subsection.4.4}% 15
\BOOKMARK [3][-]{subsubsection.4.4.3}{\134begin\173cases\175 \203\134end\173cases\175}{subsection.4.4}% 16
\BOOKMARK [2][-]{subsection.4.5}{Setting page margins: geometry}{section.4}% 17
\BOOKMARK [2][-]{subsection.4.6}{Inserting notes: todonotes}{section.4}% 18
\BOOKMARK [2][-]{subsection.4.7}{Printing date and time: datetime}{section.4}% 19
\BOOKMARK [2][-]{subsection.4.8}{Multiple versions from one file: versionPO}{section.4}% 20
\BOOKMARK [2][-]{subsection.4.9}{List formatting: enumitem}{section.4}% 21
\BOOKMARK [2][-]{subsection.4.10}{URLs and hyperlinks: hyperref}{section.4}% 22
\BOOKMARK [2][-]{subsection.4.11}{Landscape and subfigures: rotating and subfigure}{section.4}% 23
\BOOKMARK [2][-]{subsection.4.12}{Other useful packages}{section.4}% 24
\BOOKMARK [1][-]{section.5}{Citations and Bibliographies}{}% 25
\BOOKMARK [2][-]{subsection.5.1}{BibTeX}{section.5}% 26
\BOOKMARK [2][-]{subsection.5.2}{The BibTeX database}{section.5}% 27
\BOOKMARK [2][-]{subsection.5.3}{Telling BibTeX where to find the database}{section.5}% 28
\BOOKMARK [2][-]{subsection.5.4}{Formatting the bibliography: natbib and custom-bib}{section.5}% 29
\BOOKMARK [3][-]{subsubsection.5.4.1}{natbib}{subsection.5.4}% 30
\BOOKMARK [3][-]{subsubsection.5.4.2}{Customizing the bibliography format: custom-bib}{subsection.5.4}% 31
\BOOKMARK [1][-]{section.6}{Journal-Specific Document Formatting}{}% 32
\BOOKMARK [2][-]{subsection.6.1}{Formatting the bibliography}{section.6}% 33
\BOOKMARK [2][-]{subsection.6.2}{Formatting the text}{section.6}% 34
\BOOKMARK [1][-]{section.7}{Working with Others: Version Control Systems}{}% 35
\BOOKMARK [2][-]{subsection.7.1}{Public hosting of DVCS repositories}{section.7}% 36
\BOOKMARK [2][-]{subsection.7.2}{This project's Bitbucket repository}{section.7}% 37
